#
# There is insufficient memory for the Java Runtime Environment to continue.
# Native memory allocation (mmap) failed to map 134217728 bytes for Failed to commit area from 0x0000000081c00000 to 0x0000000089c00000 of length 134217728.
# Possible reasons:
#   The system is out of physical RAM or swap space
#   The process is running with CompressedOops enabled, and the Java Heap may be blocking the growth of the native heap
# Possible solutions:
#   Reduce memory load on the system
#   Increase physical memory or swap space
#   Check if swap backing store is full
#   Decrease Java heap size (-Xmx/-Xms)
#   Decrease number of Java threads
#   Decrease Java thread stack sizes (-Xss)
#   Set larger code cache with -XX:ReservedCodeCacheSize=
# This output file may be truncated or incomplete.
#
#  Out of Memory Error (./src/hotspot/os/windows/os_windows.cpp:3521), pid=16700, tid=7684
#
# JRE version:  (11.0.12+7) (build )
# Java VM: OpenJDK 64-Bit Server VM (11.0.12+7-b1504.28-7817840, mixed mode, sharing, tiered, compressed oops, g1 gc, windows-amd64)
# No core dump will be written. Minidumps are not enabled by default on client versions of Windows
#

---------------  S U M M A R Y ------------

Command Line: git4idea.http.GitAskPassApp Username for 'https://github.com': 

Host: Intel(R) Core(TM) i5-6300U CPU @ 2.40GHz, 4 cores, 7G,  Windows 10 , 64 bit Build 22000 (10.0.22000.675)
Time: Mon Jun 13 18:55:51 2022 Hora oficial do Brasil elapsed time: 0.030813 seconds (0d 0h 0m 0s)

---------------  T H R E A D  ---------------

Current thread (0x000001b0671f0000):  JavaThread "Unknown thread" [_thread_in_vm, id=7684, stack(0x0000005304600000,0x0000005304700000)]

Stack: [0x0000005304600000,0x0000005304700000]
Native frames: (J=compiled Java code, j=interpreted, Vv=VM code, C=native code)
V  [jvm.dll+0x5fbcea]
V  [jvm.dll+0x731905]
V  [jvm.dll+0x732f1d]
V  [jvm.dll+0x7335d3]
V  [jvm.dll+0x247bf8]
V  [jvm.dll+0x5f90b4]
V  [jvm.dll+0x5edc85]
V  [jvm.dll+0x305aeb]
V  [jvm.dll+0x305a5a]
V  [jvm.dll+0x305932]
V  [jvm.dll+0x30a896]
V  [jvm.dll+0x353803]
V  [jvm.dll+0x353f06]
V  [jvm.dll+0x353903]
V  [jvm.dll+0x2e0678]
V  [jvm.dll+0x2e1827]
V  [jvm.dll+0x710037]
V  [jvm.dll+0x71182c]
V  [jvm.dll+0x360da9]
V  [jvm.dll+0x6f390e]
V  [jvm.dll+0x3c9723]
V  [jvm.dll+0x3cb9b1]
C  [jli.dll+0x536b]
C  [ucrtbase.dll+0x26c0c]
C  [KERNEL32.DLL+0x154e0]
C  [ntdll.dll+0x485b]


---------------  P R O C E S S  ---------------

Threads class SMR info:
_java_thread_list=0x000001b065032270, length=0, elements={
}

Java Threads: ( => current thread )

Other Threads:
  0x000001b067209800 GCTaskThread "GC Thread#0" [stack: 0x0000005304700000,0x0000005304800000] [id=3608]
  0x000001b06723a000 ConcurrentGCThread "G1 Main Marker" [stack: 0x0000005304800000,0x0000005304900000] [id=4148]
  0x000001b06723c000 ConcurrentGCThread "G1 Conc#0" [stack: 0x0000005304900000,0x0000005304a00000] [id=16328]

[error occurred during error reporting (printing all threads), id 0xc0000005, EXCEPTION_ACCESS_VIOLATION (0xc0000005) at pc=0x00007fff895d0be7]

VM state:not at safepoint (not fully initialized)

VM Mutex/Monitor currently owned by a thread:  ([mutex/lock_event])
[0x000001b0671ed620] Heap_lock - owner thread: 0x000001b0671f0000

Heap address: 0x0000000081c00000, size: 2020 MB, Compressed Oops mode: Non-zero based: 0x0000000081c00000
Narrow klass base: 0x0000000000000000, Narrow klass shift: 0

GC Heap History (0 events):
No events

Deoptimization events (0 events):
No events

Classes redefined (0 events):
No events

Internal exceptions (0 events):
No events

Events (1 events):
Event: 0.009 Loaded shared library C:\Program Files\Android\Android Studio\jre\bin\zip.dll


Dynamic libraries:
0x00007ff6ff760000 - 0x00007ff6ff76a000 	C:\Program Files\Android\Android Studio\jre\bin\java.exe
0x00007ff801640000 - 0x00007ff801849000 	C:\Windows\SYSTEM32\ntdll.dll
0x00007ff800830000 - 0x00007ff8008ed000 	C:\Windows\System32\KERNEL32.DLL
0x00007ffffec30000 - 0x00007ffffefa9000 	C:\Windows\System32\KERNELBASE.dll
0x00007fffff210000 - 0x00007fffff321000 	C:\Windows\System32\ucrtbase.dll
0x00007fffba0e0000 - 0x00007fffba0f7000 	C:\Program Files\Android\Android Studio\jre\bin\VCRUNTIME140.dll
0x00007fffbfae0000 - 0x00007fffbfaf9000 	C:\Program Files\Android\Android Studio\jre\bin\jli.dll
0x00007ff800950000 - 0x00007ff800afc000 	C:\Windows\System32\USER32.dll
0x00007ffff7590000 - 0x00007ffff7835000 	C:\Windows\WinSxS\amd64_microsoft.windows.common-controls_6595b64144ccf1df_6.0.22000.120_none_9d947278b86cc467\COMCTL32.dll
0x00007fffff120000 - 0x00007fffff146000 	C:\Windows\System32\win32u.dll
0x00007fffff580000 - 0x00007fffff623000 	C:\Windows\System32\msvcrt.dll
0x00007ff800b40000 - 0x00007ff800b69000 	C:\Windows\System32\GDI32.dll
0x00007fffff330000 - 0x00007fffff442000 	C:\Windows\System32\gdi32full.dll
0x00007ffffeb90000 - 0x00007ffffec2d000 	C:\Windows\System32\msvcp_win.dll
0x00007ff800080000 - 0x00007ff8000b1000 	C:\Windows\System32\IMM32.DLL
0x00007fffb3500000 - 0x00007fffb359d000 	C:\Program Files\Android\Android Studio\jre\bin\msvcp140.dll
0x00007fff892e0000 - 0x00007fff89dc5000 	C:\Program Files\Android\Android Studio\jre\bin\server\jvm.dll
0x00007fffff4d0000 - 0x00007fffff57e000 	C:\Windows\System32\ADVAPI32.dll
0x00007ff801060000 - 0x00007ff8010fe000 	C:\Windows\System32\sechost.dll
0x00007fffff710000 - 0x00007fffff830000 	C:\Windows\System32\RPCRT4.dll
0x00007ff800700000 - 0x00007ff800708000 	C:\Windows\System32\PSAPI.DLL
0x00007ffff9c50000 - 0x00007ffff9c83000 	C:\Windows\SYSTEM32\WINMM.dll
0x00007fffeca30000 - 0x00007fffeca39000 	C:\Windows\SYSTEM32\WSOCK32.dll
0x00007ffff90f0000 - 0x00007ffff90fa000 	C:\Windows\SYSTEM32\VERSION.dll
0x00007ff800680000 - 0x00007ff8006ef000 	C:\Windows\System32\WS2_32.dll
0x00007ffffdc00000 - 0x00007ffffdc18000 	C:\Windows\SYSTEM32\kernel.appcore.dll
0x00007ffff6540000 - 0x00007ffff6551000 	C:\Program Files\Android\Android Studio\jre\bin\verify.dll
0x00007ffffbc10000 - 0x00007ffffbe31000 	C:\Windows\SYSTEM32\DBGHELP.DLL
0x00007ffff5220000 - 0x00007ffff5251000 	C:\Windows\SYSTEM32\dbgcore.DLL
0x00007fffff450000 - 0x00007fffff4cf000 	C:\Windows\System32\bcryptPrimitives.dll
0x00007fffcc9e0000 - 0x00007fffcca09000 	C:\Program Files\Android\Android Studio\jre\bin\java.dll
0x00007ffff65d0000 - 0x00007ffff65db000 	C:\Program Files\Android\Android Studio\jre\bin\jimage.dll
0x00007fffcc9c0000 - 0x00007fffcc9d8000 	C:\Program Files\Android\Android Studio\jre\bin\zip.dll

dbghelp: loaded successfully - version: 4.0.5 - missing functions: none
symbol engine: initialized successfully - sym options: 0x614 - pdb path: .;C:\Program Files\Android\Android Studio\jre\bin;C:\Windows\SYSTEM32;C:\Windows\WinSxS\amd64_microsoft.windows.common-controls_6595b64144ccf1df_6.0.22000.120_none_9d947278b86cc467;C:\Program Files\Android\Android Studio\jre\bin\server

VM Arguments:
java_command: git4idea.http.GitAskPassApp Username for 'https://github.com': 
java_class_path (initial): C:/Program Files/Android/Android Studio/plugins/git4idea/lib/git4idea-rt.jar;C:/Program Files/Android/Android Studio/lib/xmlrpc-2.0.1.jar;C:/Program Files/Android/Android Studio/lib/commons-codec-1.15.jar
Launcher Type: SUN_STANDARD

[Global flags]
     intx CICompilerCount                          = 3                                         {product} {ergonomic}
     uint ConcGCThreads                            = 1                                         {product} {ergonomic}
     uint G1ConcRefinementThreads                  = 4                                         {product} {ergonomic}
   size_t G1HeapRegionSize                         = 1048576                                   {product} {ergonomic}
    uintx GCDrainStackTargetSize                   = 64                                        {product} {ergonomic}
   size_t InitialHeapSize                          = 134217728                                 {product} {ergonomic}
   size_t MarkStackSize                            = 4194304                                   {product} {ergonomic}
   size_t MaxHeapSize                              = 2118123520                                {product} {ergonomic}
   size_t MinHeapDeltaBytes                        = 1048576                                   {product} {ergonomic}
    uintx NonNMethodCodeHeapSize                   = 5830732                                {pd product} {ergonomic}
    uintx NonProfiledCodeHeapSize                  = 122913754                              {pd product} {ergonomic}
    uintx ProfiledCodeHeapSize                     = 122913754                              {pd product} {ergonomic}
    uintx ReservedCodeCacheSize                    = 251658240                              {pd product} {ergonomic}
     bool SegmentedCodeCache                       = true                                      {product} {ergonomic}
     bool UseCompressedClassPointers               = true                                 {lp64_product} {ergonomic}
     bool UseCompressedOops                        = true                                 {lp64_product} {ergonomic}
     bool UseG1GC                                  = true                                      {product} {ergonomic}
     bool UseLargePagesIndividualAllocation        = false                                  {pd product} {ergonomic}

Logging:
Log output configuration:
 #0: stdout all=warning uptime,level,tags
 #1: stderr all=off uptime,level,tags

Environment Variables:
PATH=C:/Program Files/Git/mingw64/libexec/git-core;C:/Program Files/Git/mingw64/libexec/git-core;C:\Program Files\Git\mingw64\bin;C:\Program Files\Git\usr\bin;C:\Users\Dell\bin;C:\Program Files\Common Files\Oracle\Java\javapath;C:\Program Files\Microsoft MPI\Bin\;C:\Program Files (x86)\Common Files\Oracle\Java\javapath;C:\ProgramData\Oracle\Java\javapath;C:\Windows\system32;C:\Windows;C:\Windows\System32\Wbem;C:\Windows\System32\WindowsPowerShell\v1.0\;C:\Windows\System32\OpenSSH\;C:\Program Files (x86)\Microsoft SQL Server\150\Tools\Binn\;C:\Program Files\Microsoft SQL Server\150\Tools\Binn\;C:\Program Files (x86)\Microsoft SQL Server\150\DTS\Binn\;C:\Program Files\Microsoft SQL Server\150\DTS\Binn\;C:\Program Files\Microsoft SQL Server\Client SDK\ODBC\170\Tools\Binn\;C:\Program Files\Git\cmd;C:\Users\Dell\AppData\Local\Microsoft\WindowsApps;C:\Program Files\Azure Data Studio\bin;C:\Users\Dell\AppData\Local\GitHubDesktop\bin
USERNAME=Dell
DISPLAY=:0.0
LC_ALL=en_US.UTF-8
OS=Windows_NT
PROCESSOR_IDENTIFIER=Intel64 Family 6 Model 78 Stepping 3, GenuineIntel



---------------  S Y S T E M  ---------------

OS: Windows 10 , 64 bit Build 22000 (10.0.22000.675)
OS uptime: 3 days 19:47 hours

CPU:total 4 (initial active 4) (2 cores per cpu, 2 threads per core) family 6 model 78 stepping 3 microcode 0xd6, cmov, cx8, fxsr, mmx, sse, sse2, sse3, ssse3, sse4.1, sse4.2, popcnt, avx, avx2, aes, clmul, erms, rtm, 3dnowpref, lzcnt, ht, tsc, tscinvbit, bmi1, bmi2, adx, fma

Memory: 4k page, system-wide physical 8075M (1081M free)
TotalPageFile size 13768M (AvailPageFile size 86M)
current process WorkingSet (physical memory assigned to process): 10M, peak: 10M
current process commit charge ("private bytes"): 51M, peak: 179M

vm_info: OpenJDK 64-Bit Server VM (11.0.12+7-b1504.28-7817840) for windows-amd64 JRE (11.0.12+7-b1504.28-7817840), built on Oct 13 2021 22:12:33 by "builder" with MS VC++ 14.0 (VS2015)

END.
